<?xml version='1.0' encoding='utf-8'?>
<testsuite xmlns:xsi="http://www.w3.org/2001/XMLSchema-instance" xsi:noNamespaceSchemaLocation="https://maven.apache.org/surefire/maven-surefire-plugin/xsd/surefire-test-report.xsd" version="3.0.2" name="org.mranked.admin.infrastructure.ApiSecurityConfigurationTest" time="4.278" tests="6" errors="0" skipped="0" failures="0" flakes="0">
  <testcase name="deniesUnimplementedMutationsAndNonApiRoutes" classname="org.mranked.admin.infrastructure.ApiSecurityConfigurationTest" time="1.008">
    <system-out>16:25:18.668 [main] INFO org.springframework.security.config.annotation.authentication.configuration.InitializeUserDetailsBeanManagerConfigurer$InitializeUserDetailsManagerConfigurer -- Global AuthenticationManager configured with UserDetailsService bean with name adminUserDetailsService
16:25:18.801 [main] INFO org.springframework.mock.web.MockServletContext -- Initializing Spring TestDispatcherServlet ''
16:25:18.801 [main] INFO org.springframework.test.web.servlet.TestDispatcherServlet -- Initializing Servlet ''
16:25:18.802 [main] INFO org.springframework.test.web.servlet.TestDispatcherServlet -- Completed initialization in 1 ms
</system-out>
  </testcase>
  <testcase name="challengesAnonymousAdminWithRfc9457MediaType" classname="org.mranked.admin.infrastructure.ApiSecurityConfigurationTest" time="0.46">
    <system-out>16:25:19.250 [main] INFO org.springframework.security.config.annotation.authentication.configuration.InitializeUserDetailsBeanManagerConfigurer$InitializeUserDetailsManagerConfigurer -- Global AuthenticationManager configured with UserDetailsService bean with name adminUserDetailsService
16:25:19.279 [main] INFO org.springframework.mock.web.MockServletContext -- Initializing Spring TestDispatcherServlet ''
16:25:19.279 [main] INFO org.springframework.test.web.servlet.TestDispatcherServlet -- Initializing Servlet ''
16:25:19.279 [main] INFO org.springframework.test.web.servlet.TestDispatcherServlet -- Completed initialization in 0 ms
</system-out>
  </testcase>
  <testcase name="permitsOnlyInternalErrorDispatchToTheErrorRenderer" classname="org.mranked.admin.infrastructure.ApiSecurityConfigurationTest" time="0.362">
    <system-out>16:25:19.615 [main] INFO org.springframework.security.config.annotation.authentication.configuration.InitializeUserDetailsBeanManagerConfigurer$InitializeUserDetailsManagerConfigurer -- Global AuthenticationManager configured with UserDetailsService bean with name adminUserDetailsService
16:25:19.639 [main] INFO org.springframework.mock.web.MockServletContext -- Initializing Spring TestDispatcherServlet ''
16:25:19.639 [main] INFO org.springframework.test.web.servlet.TestDispatcherServlet -- Initializing Servlet ''
16:25:19.639 [main] INFO org.springframework.test.web.servlet.TestDispatcherServlet -- Completed initialization in 0 ms
</system-out>
  </testcase>
  <testcase name="appliesViewerEditorAndAdminRbacWithCsrfForWrites" classname="org.mranked.admin.infrastructure.ApiSecurityConfigurationTest" time="1.669">
    <system-out>16:25:19.944 [main] INFO org.springframework.security.config.annotation.authentication.configuration.InitializeUserDetailsBeanManagerConfigurer$InitializeUserDetailsManagerConfigurer -- Global AuthenticationManager configured with UserDetailsService bean with name adminUserDetailsService
16:25:19.994 [main] INFO org.springframework.mock.web.MockServletContext -- Initializing Spring TestDispatcherServlet ''
16:25:19.994 [main] INFO org.springframework.test.web.servlet.TestDispatcherServlet -- Initializing Servlet ''
16:25:20.215 [main] INFO org.springframework.test.web.servlet.TestDispatcherServlet -- Completed initialization in 184 ms
</system-out>
  </testcase>
  <testcase name="permitsImplementedPublicGetEndpoints" classname="org.mranked.admin.infrastructure.ApiSecurityConfigurationTest" time="0.431">
    <system-out>16:25:21.722 [main] INFO org.springframework.security.config.annotation.authentication.configuration.InitializeUserDetailsBeanManagerConfigurer$InitializeUserDetailsManagerConfigurer -- Global AuthenticationManager configured with UserDetailsService bean with name adminUserDetailsService
16:25:21.740 [main] INFO org.springframework.mock.web.MockServletContext -- Initializing Spring TestDispatcherServlet ''
16:25:21.741 [main] INFO org.springframework.test.web.servlet.TestDispatcherServlet -- Initializing Servlet ''
16:25:21.741 [main] INFO org.springframework.test.web.servlet.TestDispatcherServlet -- Completed initialization in 0 ms
</system-out>
  </testcase>
  <testcase name="permitsAsyncDispatchForPublicStreamingEndpoints" classname="org.mranked.admin.infrastructure.ApiSecurityConfigurationTest" time="0.345">
    <system-out>16:25:22.063 [main] INFO org.springframework.security.config.annotation.authentication.configuration.InitializeUserDetailsBeanManagerConfigurer$InitializeUserDetailsManagerConfigurer -- Global AuthenticationManager configured with UserDetailsService bean with name adminUserDetailsService
16:25:22.079 [main] INFO org.springframework.mock.web.MockServletContext -- Initializing Spring TestDispatcherServlet ''
16:25:22.079 [main] INFO org.springframework.test.web.servlet.TestDispatcherServlet -- Initializing Servlet ''
16:25:22.079 [main] INFO org.springframework.test.web.servlet.TestDispatcherServlet -- Completed initialization in 0 ms
</system-out>
  </testcase>
</testsuite>