<?xml version='1.0' encoding='utf-8'?>
<testsuite xmlns:xsi="http://www.w3.org/2001/XMLSchema-instance" xsi:noNamespaceSchemaLocation="https://maven.apache.org/surefire/maven-surefire-plugin/xsd/surefire-test-report.xsd" version="3.0.2" name="org.mranked.operations.web.HealthControllerTest" time="0.044" tests="3" errors="0" skipped="0" failures="0" flakes="0">
  <testcase name="livenessDoesNotDependOnDatabase" classname="org.mranked.operations.web.HealthControllerTest" time="0.029">
    <system-out>16:26:15.417 [main] INFO org.springframework.mock.web.MockServletContext -- Initializing Spring TestDispatcherServlet ''
16:26:15.417 [main] INFO org.springframework.test.web.servlet.TestDispatcherServlet -- Initializing Servlet ''
16:26:15.417 [main] INFO org.springframework.test.web.servlet.TestDispatcherServlet -- Completed initialization in 0 ms
</system-out>
  </testcase>
  <testcase name="failedReadinessIsServiceUnavailableWithoutInternalDetails" classname="org.mranked.operations.web.HealthControllerTest" time="0.008">
    <system-out>16:26:15.434 [main] INFO org.springframework.mock.web.MockServletContext -- Initializing Spring TestDispatcherServlet ''
16:26:15.434 [main] INFO org.springframework.test.web.servlet.TestDispatcherServlet -- Initializing Servlet ''
16:26:15.434 [main] INFO org.springframework.test.web.servlet.TestDispatcherServlet -- Completed initialization in 0 ms
</system-out>
  </testcase>
  <testcase name="readinessExposesOnlyStatusAndRevision" classname="org.mranked.operations.web.HealthControllerTest" time="0.005">
    <system-out>16:26:15.439 [main] INFO org.springframework.mock.web.MockServletContext -- Initializing Spring TestDispatcherServlet ''
16:26:15.439 [main] INFO org.springframework.test.web.servlet.TestDispatcherServlet -- Initializing Servlet ''
16:26:15.439 [main] INFO org.springframework.test.web.servlet.TestDispatcherServlet -- Completed initialization in 0 ms
</system-out>
  </testcase>
</testsuite>