<?xml version='1.0' encoding='utf-8'?>
<testsuite xmlns:xsi="http://www.w3.org/2001/XMLSchema-instance" xsi:noNamespaceSchemaLocation="https://maven.apache.org/surefire/maven-surefire-plugin/xsd/surefire-test-report.xsd" version="3.0.2" name="org.mranked.admin.web.AdminControllerTest" time="0.51" tests="4" errors="0" skipped="0" failures="0" flakes="0">
  <testcase name="returnsBoundedSanitizedCollectionStatusWithoutCaching" classname="org.mranked.admin.web.AdminControllerTest" time="0.422">
    <system-out>16:25:08.022 [main] INFO org.hibernate.validator.internal.util.Version -- HV000001: Hibernate Validator 9.0.1.Final
16:25:08.302 [main] INFO org.springframework.mock.web.MockServletContext -- Initializing Spring TestDispatcherServlet ''
16:25:08.302 [main] INFO org.springframework.test.web.servlet.TestDispatcherServlet -- Initializing Servlet ''
16:25:08.304 [main] INFO org.springframework.test.web.servlet.TestDispatcherServlet -- Completed initialization in 1 ms
</system-out>
  </testcase>
  <testcase name="returnsMinimalPlatformAccountStateWithoutCachingOrIdentitySecrets" classname="org.mranked.admin.web.AdminControllerTest" time="0.025">
    <system-out>16:25:08.408 [main] INFO org.springframework.mock.web.MockServletContext -- Initializing Spring TestDispatcherServlet ''
16:25:08.408 [main] INFO org.springframework.test.web.servlet.TestDispatcherServlet -- Initializing Servlet ''
16:25:08.408 [main] INFO org.springframework.test.web.servlet.TestDispatcherServlet -- Completed initialization in 0 ms
</system-out>
  </testcase>
  <testcase name="invalidCorrelationAndOptimisticConflictAreRfc9457Problems" classname="org.mranked.admin.web.AdminControllerTest" time="0.044">
    <system-out>16:25:08.434 [main] INFO org.springframework.mock.web.MockServletContext -- Initializing Spring TestDispatcherServlet ''
16:25:08.434 [main] INFO org.springframework.test.web.servlet.TestDispatcherServlet -- Initializing Servlet ''
16:25:08.434 [main] INFO org.springframework.test.web.servlet.TestDispatcherServlet -- Completed initialization in 0 ms
</system-out>
  </testcase>
  <testcase name="enableCommandReturnsRevisionAndCorrelationWithoutCaching" classname="org.mranked.admin.web.AdminControllerTest" time="0.017">
    <system-out>16:25:08.478 [main] INFO org.springframework.mock.web.MockServletContext -- Initializing Spring TestDispatcherServlet ''
16:25:08.478 [main] INFO org.springframework.test.web.servlet.TestDispatcherServlet -- Initializing Servlet ''
16:25:08.478 [main] INFO org.springframework.test.web.servlet.TestDispatcherServlet -- Completed initialization in 0 ms
</system-out>
  </testcase>
</testsuite>