<?xml version='1.0' encoding='utf-8'?>
<testsuite xmlns:xsi="http://www.w3.org/2001/XMLSchema-instance" xsi:noNamespaceSchemaLocation="https://maven.apache.org/surefire/maven-surefire-plugin/xsd/surefire-test-report.xsd" version="3.0.2" name="org.mranked.exportjob.web.ExportJobSecurityTest" time="2.878" tests="3" errors="0" skipped="0" failures="0" flakes="0">
  <testcase name="anonymousViewerAndMissingCsrfCannotCreateOrReadJobs" classname="org.mranked.exportjob.web.ExportJobSecurityTest" time="1.363">
    <system-out>16:26:41.727 [main] INFO org.springframework.security.config.annotation.authentication.configuration.InitializeUserDetailsBeanManagerConfigurer$InitializeUserDetailsManagerConfigurer -- Global AuthenticationManager configured with UserDetailsService bean with name adminUserDetailsService
16:26:43.463 [main] INFO org.springframework.mock.web.MockServletContext -- Initializing Spring TestDispatcherServlet ''
16:26:43.464 [main] INFO org.springframework.test.web.servlet.TestDispatcherServlet -- Initializing Servlet ''
16:26:43.469 [main] INFO org.springframework.test.web.servlet.TestDispatcherServlet -- Completed initialization in 5 ms
</system-out>
    <system-err>Mockito is currently self-attaching to enable the inline-mock-maker. This will no longer work in future releases of the JDK. Please add Mockito as an agent to your build as described in Mockito's documentation: https://javadoc.io/doc/org.mockito/mockito-core/latest/org.mockito/org/mockito/Mockito.html#0.3
WARNING: A Java agent has been loaded dynamically (/private/tmp/mranked-maven-repository/net/bytebuddy/byte-buddy-agent/1.17.8/byte-buddy-agent-1.17.8.jar)
WARNING: If a serviceability tool is in use, please run with -XX:+EnableDynamicAgentLoading to hide this warning
WARNING: If a serviceability tool is not in use, please run with -Djdk.instrument.traceUsage for more information
WARNING: Dynamic loading of agents will be disallowed by default in a future release
</system-err>
  </testcase>
  <testcase name="editorLifecycleIsOwnerScopedNoStoreAndRevisioned" classname="org.mranked.exportjob.web.ExportJobSecurityTest" time="0.1">
    <system-out>16:26:43.493 [main] INFO org.springframework.mock.web.MockServletContext -- Initializing Spring TestDispatcherServlet ''
16:26:43.494 [main] INFO org.springframework.test.web.servlet.TestDispatcherServlet -- Initializing Servlet ''
16:26:43.495 [main] INFO org.springframework.test.web.servlet.TestDispatcherServlet -- Completed initialization in 1 ms
</system-out>
  </testcase>
  <testcase name="malformedPlatformAndUuidAreBoundedProblems" classname="org.mranked.exportjob.web.ExportJobSecurityTest" time="0.043">
    <system-out>16:26:43.592 [main] INFO org.springframework.mock.web.MockServletContext -- Initializing Spring TestDispatcherServlet ''
16:26:43.592 [main] INFO org.springframework.test.web.servlet.TestDispatcherServlet -- Initializing Servlet ''
16:26:43.592 [main] INFO org.springframework.test.web.servlet.TestDispatcherServlet -- Completed initialization in 0 ms
</system-out>
  </testcase>
</testsuite>