<?xml version='1.0' encoding='utf-8'?>
<testsuite xmlns:xsi="http://www.w3.org/2001/XMLSchema-instance" xsi:noNamespaceSchemaLocation="https://maven.apache.org/surefire/maven-surefire-plugin/xsd/surefire-test-report.xsd" version="3.0.2" name="org.mranked.ArchitectureTest" time="2.7" tests="5" errors="0" skipped="0" failures="0" flakes="0">
  <testcase name="domain_is_framework_and_persistence_free" classname="ArchitectureTest" time="2.664">
    <system-out>16:30:24.486 [main] INFO com.tngtech.archunit.core.PluginLoader -- Detected Java version 21
</system-out>
  </testcase>
  <testcase name="operations_and_admin_never_use_public_dto_cache" classname="ArchitectureTest" time="0.025" />
  <testcase name="streaming_exports_never_use_public_dto_cache" classname="ArchitectureTest" time="0.002" />
  <testcase name="admin_application_does_not_depend_on_web_or_persistence_adapters" classname="ArchitectureTest" time="0.003" />
  <testcase name="admin_web_does_not_bypass_application_ports" classname="ArchitectureTest" time="0.003" />
</testsuite>