<?xml version='1.0' encoding='utf-8'?>
<testsuite xmlns:xsi="http://www.w3.org/2001/XMLSchema-instance" xsi:noNamespaceSchemaLocation="https://maven.apache.org/surefire/maven-surefire-plugin/xsd/surefire-test-report.xsd" version="3.0.2" name="org.mranked.admin.web.AdminControllerTest" time="0.495" tests="4" errors="0" skipped="0" failures="0" flakes="0">
  <testcase name="returnsBoundedSanitizedCollectionStatusWithoutCaching" classname="org.mranked.admin.web.AdminControllerTest" time="0.405">
    <system-out>17:10:51.502 [main] INFO org.hibernate.validator.internal.util.Version -- HV000001: Hibernate Validator 9.0.1.Final
17:10:51.762 [main] INFO org.springframework.mock.web.MockServletContext -- Initializing Spring TestDispatcherServlet ''
17:10:51.762 [main] INFO org.springframework.test.web.servlet.TestDispatcherServlet -- Initializing Servlet ''
17:10:51.763 [main] INFO org.springframework.test.web.servlet.TestDispatcherServlet -- Completed initialization in 1 ms
</system-out>
  </testcase>
  <testcase name="returnsMinimalPlatformAccountStateWithoutCachingOrIdentitySecrets" classname="org.mranked.admin.web.AdminControllerTest" time="0.024">
    <system-out>17:10:51.892 [main] INFO org.springframework.mock.web.MockServletContext -- Initializing Spring TestDispatcherServlet ''
17:10:51.892 [main] INFO org.springframework.test.web.servlet.TestDispatcherServlet -- Initializing Servlet ''
17:10:51.892 [main] INFO org.springframework.test.web.servlet.TestDispatcherServlet -- Completed initialization in 0 ms
</system-out>
  </testcase>
  <testcase name="invalidCorrelationAndOptimisticConflictAreRfc9457Problems" classname="org.mranked.admin.web.AdminControllerTest" time="0.044">
    <system-out>17:10:51.914 [main] INFO org.springframework.mock.web.MockServletContext -- Initializing Spring TestDispatcherServlet ''
17:10:51.915 [main] INFO org.springframework.test.web.servlet.TestDispatcherServlet -- Initializing Servlet ''
17:10:51.915 [main] INFO org.springframework.test.web.servlet.TestDispatcherServlet -- Completed initialization in 0 ms
</system-out>
  </testcase>
  <testcase name="enableCommandReturnsRevisionAndCorrelationWithoutCaching" classname="org.mranked.admin.web.AdminControllerTest" time="0.019">
    <system-out>17:10:51.961 [main] INFO org.springframework.mock.web.MockServletContext -- Initializing Spring TestDispatcherServlet ''
17:10:51.961 [main] INFO org.springframework.test.web.servlet.TestDispatcherServlet -- Initializing Servlet ''
17:10:51.961 [main] INFO org.springframework.test.web.servlet.TestDispatcherServlet -- Completed initialization in 0 ms
</system-out>
  </testcase>
</testsuite>