<?xml version='1.0' encoding='utf-8'?>
<testsuite xmlns:xsi="http://www.w3.org/2001/XMLSchema-instance" xsi:noNamespaceSchemaLocation="https://maven.apache.org/surefire/maven-surefire-plugin/xsd/surefire-test-report.xsd" version="3.0.2" name="org.mranked.query.application.CsvExportServiceTest" time="0.604" tests="6" errors="0" skipped="0" failures="0" flakes="0">
  <testcase name="maxRowsAreEnforcedWithoutMaterializingTheExportAndSlotsRecover" classname="org.mranked.query.application.CsvExportServiceTest" time="0.597" />
  <testcase name="disconnectDeletesTheSpoolAndReleasesDownloadCapacity" classname="org.mranked.query.application.CsvExportServiceTest" time="0.003" />
  <testcase name="writesRowsIncrementallyWithRfc4180EscapingAndNullableCounters" classname="org.mranked.query.application.CsvExportServiceTest" time="0.0" />
  <testcase name="rateLimitStopsAnonymousRepeatedWorkBeforeOpeningDatabaseCursor" classname="org.mranked.query.application.CsvExportServiceTest" time="0.002" />
  <testcase name="neutralizesFormulaPrefixesAfterSpreadsheetIgnoredWhitespace" classname="org.mranked.query.application.CsvExportServiceTest" time="0.0" />
  <testcase name="neutralizesEveryDangerousSpreadsheetFormulaPrefixBeforeCsvEscaping" classname="org.mranked.query.application.CsvExportServiceTest" time="0.0" />
</testsuite>