<?xml version='1.0' encoding='utf-8'?>
<testsuite xmlns:xsi="http://www.w3.org/2001/XMLSchema-instance" xsi:noNamespaceSchemaLocation="https://maven.apache.org/surefire/maven-surefire-plugin/xsd/surefire-test-report.xsd" version="3.0.2" name="org.mranked.query.application.PublicQueryServiceTest" time="0.007" tests="5" errors="0" skipped="0" failures="0" flakes="0">
  <testcase name="emptyDetailMetricsUseTheSelectedRevisionCommitAsResponseAsOf" classname="org.mranked.query.application.PublicQueryServiceTest" time="0.0" />
  <testcase name="parityQueriesUseOneRevisionAndOneRepositoryCallPerRequest" classname="org.mranked.query.application.PublicQueryServiceTest" time="0.001" />
  <testcase name="usesOneRevisionAndLimitPlusOneForAKeysetPage" classname="org.mranked.query.application.PublicQueryServiceTest" time="0.003" />
  <testcase name="rejectsPlatformMismatchedComparisonSelectionBeforeCallingTheRepository" classname="org.mranked.query.application.PublicQueryServiceTest" time="0.0" />
  <testcase name="resolvesDetailAgainstTheSelectedRevisionAndReportsMissingAlias" classname="org.mranked.query.application.PublicQueryServiceTest" time="0.0" />
</testsuite>