<?xml version='1.0' encoding='utf-8'?>
<testsuite xmlns:xsi="http://www.w3.org/2001/XMLSchema-instance" xsi:noNamespaceSchemaLocation="https://maven.apache.org/surefire/maven-surefire-plugin/xsd/surefire-test-report.xsd" version="3.0.2" name="org.mranked.query.infrastructure.HistoryReactionDetailsPostgresIntegrationTest" time="0.149" tests="3" errors="0" skipped="0" failures="0" flakes="0">
  <testcase name="retainedTelegramDeltaAndOrderMatchRealFixtureWhileNativePagesUseWholeHistory" classname="org.mranked.query.infrastructure.HistoryReactionDetailsPostgresIntegrationTest" time="0.12" />
  <testcase name="runtimeRoleReadsExtendedProjectionButCannotReadRetainedEvidence" classname="org.mranked.query.infrastructure.HistoryReactionDetailsPostgresIntegrationTest" time="0.01" />
  <testcase name="safeParserPreservesKeyOrderLastDuplicateValueAndExactUnicode" classname="org.mranked.query.infrastructure.HistoryReactionDetailsPostgresIntegrationTest" time="0.019" />
</testsuite>