<?xml version='1.0' encoding='utf-8'?>
<testsuite xmlns:xsi="http://www.w3.org/2001/XMLSchema-instance" xsi:noNamespaceSchemaLocation="https://maven.apache.org/surefire/maven-surefire-plugin/xsd/surefire-test-report.xsd" version="3.0.2" name="org.mranked.emoji.web.CustomEmojiControllerTest" time="0.038" tests="2" errors="0" skipped="0" failures="0" flakes="0">
  <testcase name="mapsInvalidAndMissingIdentifiersToNotFound" classname="org.mranked.emoji.web.CustomEmojiControllerTest" time="0.031">
    <system-out>17:11:38.458 [main] INFO org.springframework.mock.web.MockServletContext -- Initializing Spring TestDispatcherServlet ''
17:11:38.459 [main] INFO org.springframework.test.web.servlet.TestDispatcherServlet -- Initializing Servlet ''
17:11:38.459 [main] INFO org.springframework.test.web.servlet.TestDispatcherServlet -- Completed initialization in 0 ms
</system-out>
  </testcase>
  <testcase name="returnsExactBytesMimeAndSixHourBrowserCacheContract" classname="org.mranked.emoji.web.CustomEmojiControllerTest" time="0.005">
    <system-out>17:11:38.471 [main] INFO org.springframework.mock.web.MockServletContext -- Initializing Spring TestDispatcherServlet ''
17:11:38.471 [main] INFO org.springframework.test.web.servlet.TestDispatcherServlet -- Initializing Servlet ''
17:11:38.471 [main] INFO org.springframework.test.web.servlet.TestDispatcherServlet -- Completed initialization in 0 ms
</system-out>
  </testcase>
</testsuite>