<?xml version='1.0' encoding='utf-8'?>
<testsuite xmlns:xsi="http://www.w3.org/2001/XMLSchema-instance" xsi:noNamespaceSchemaLocation="https://maven.apache.org/surefire/maven-surefire-plugin/xsd/surefire-test-report.xsd" version="3.0.2" name="org.mranked.operations.infrastructure.PinnedHttpsClientNetworkTest" time="0.925" tests="2" errors="0" skipped="0" failures="0" flakes="0">
  <testcase name="rejectsSpecialIpv4Ipv6AndMappedAddresses" classname="org.mranked.operations.infrastructure.PinnedHttpsClientNetworkTest" time="0.001" />
  <testcase name="realDnsTlsRedirectRebindingAndDeadline(Path)" classname="org.mranked.operations.infrastructure.PinnedHttpsClientNetworkTest" time="0.924" />
</testsuite>