<?xml version='1.0' encoding='utf-8'?>
<testsuite xmlns:xsi="http://www.w3.org/2001/XMLSchema-instance" xsi:noNamespaceSchemaLocation="https://maven.apache.org/surefire/maven-surefire-plugin/xsd/surefire-test-report.xsd" version="3.0.2" name="org.mranked.admin.infrastructure.IdentityCommandEvidenceTest" time="0.124" tests="10" errors="0" skipped="0" failures="0" flakes="0">
  <testcase name="originalInputIsImmutableAndIdenticalRetriesReuseIt" classname="org.mranked.admin.infrastructure.IdentityCommandEvidenceTest" time="0.042" />
  <testcase name="otherDirectoryPermissionModesCannotEnableSharedReading(int)[1]" classname="org.mranked.admin.infrastructure.IdentityCommandEvidenceTest" time="0.006" />
  <testcase name="otherDirectoryPermissionModesCannotEnableSharedReading(int)[2]" classname="org.mranked.admin.infrastructure.IdentityCommandEvidenceTest" time="0.001" />
  <testcase name="otherDirectoryPermissionModesCannotEnableSharedReading(int)[3]" classname="org.mranked.admin.infrastructure.IdentityCommandEvidenceTest" time="0.001" />
  <testcase name="otherDirectoryPermissionModesCannotEnableSharedReading(int)[4]" classname="org.mranked.admin.infrastructure.IdentityCommandEvidenceTest" time="0.002" />
  <testcase name="otherDirectoryPermissionModesCannotEnableSharedReading(int)[5]" classname="org.mranked.admin.infrastructure.IdentityCommandEvidenceTest" time="0.001" />
  <testcase name="otherDirectoryPermissionModesCannotEnableSharedReading(int)[6]" classname="org.mranked.admin.infrastructure.IdentityCommandEvidenceTest" time="0.002" />
  <testcase name="otherDirectoryPermissionModesCannotEnableSharedReading(int)[7]" classname="org.mranked.admin.infrastructure.IdentityCommandEvidenceTest" time="0.002" />
  <testcase name="symlinkAndOversizedOriginalNeverPublish" classname="org.mranked.admin.infrastructure.IdentityCommandEvidenceTest" time="0.002" />
  <testcase name="explicitSharedReaderDirectoryPublishesInheritedImmutableFiles" classname="org.mranked.admin.infrastructure.IdentityCommandEvidenceTest" time="0.044" />
</testsuite>