<?xml version='1.0' encoding='utf-8'?>
<testsuite xmlns:xsi="http://www.w3.org/2001/XMLSchema-instance" xsi:noNamespaceSchemaLocation="https://maven.apache.org/surefire/maven-surefire-plugin/xsd/surefire-test-report.xsd" version="3.0.2" name="org.mranked.admin.application.LegacyCatalogServiceTest" time="0.008" tests="5" errors="0" skipped="0" failures="0" flakes="0">
  <testcase name="exactMissingResourceTextsAreSelectedByLegacyRoute" classname="org.mranked.admin.application.LegacyCatalogServiceTest" time="0.002" />
  <testcase name="platformValidationPrecedesInstitutionLookupAsInLegacy" classname="org.mranked.admin.application.LegacyCatalogServiceTest" time="0.001" />
  <testcase name="maxNativeIdIsValidatedBeforeSqlWhileOtherPlatformsKeepTextAndEmptyClears" classname="org.mranked.admin.application.LegacyCatalogServiceTest" time="0.003" />
  <testcase name="staleVersionAndIdempotencyConflictRetainTheirDistinctConflictType" classname="org.mranked.admin.application.LegacyCatalogServiceTest" time="0.001" />
  <testcase name="fixedValidationMessagesArePublicButArbitraryExceptionsAreNeverEchoed" classname="org.mranked.admin.application.LegacyCatalogServiceTest" time="0.001" />
</testsuite>