<?xml version='1.0' encoding='utf-8'?>
<testsuite xmlns:xsi="http://www.w3.org/2001/XMLSchema-instance" xsi:noNamespaceSchemaLocation="https://maven.apache.org/surefire/maven-surefire-plugin/xsd/surefire-test-report.xsd" version="3.0.2" name="org.mranked.query.infrastructure.DetailPostgresIntegrationTest" time="0.242" tests="3" errors="0" skipped="0" failures="0" flakes="0">
  <testcase name="publicDetailQueriesUseOnlyGrantedIdentityColumns" classname="org.mranked.query.infrastructure.DetailPostgresIntegrationTest" time="0.017" />
  <testcase name="sameObservationHistoryCorrectionsRetentionStatsAndBoundedNavigation" classname="org.mranked.query.infrastructure.DetailPostgresIntegrationTest" time="0.198" />
  <testcase name="archivedTextProjectionUsesCurrentRowHashAndOnlyPublicStringFields" classname="org.mranked.query.infrastructure.DetailPostgresIntegrationTest" time="0.025" />
</testsuite>