<?xml version='1.0' encoding='utf-8'?>
<testsuite xmlns:xsi="http://www.w3.org/2001/XMLSchema-instance" xsi:noNamespaceSchemaLocation="https://maven.apache.org/surefire/maven-surefire-plugin/xsd/surefire-test-report.xsd" version="3.0.2" name="org.mranked.admin.infrastructure.CatalogHttpPostgresIntegrationTest" time="2.074" tests="2" errors="0" skipped="0" failures="0" flakes="0">
  <testcase name="completeCookieCsrfRbacAndCorrelatedAuditedWriteFlow" classname="org.mranked.admin.infrastructure.CatalogHttpPostgresIntegrationTest" time="1.56">
    <system-out>16:06:54.681 [main] INFO org.springframework.security.config.annotation.authentication.configuration.InitializeUserDetailsBeanManagerConfigurer$InitializeUserDetailsManagerConfigurer -- Global AuthenticationManager configured with UserDetailsService bean with name adminUserDetailsService
16:06:54.766 [main] INFO org.springframework.mock.web.MockServletContext -- Initializing Spring TestDispatcherServlet ''
16:06:54.766 [main] INFO org.springframework.test.web.servlet.TestDispatcherServlet -- Initializing Servlet ''
16:06:54.767 [main] INFO org.springframework.test.web.servlet.TestDispatcherServlet -- Completed initialization in 1 ms
</system-out>
  </testcase>
  <testcase name="statelessBasicSessionReadPreservesCookieCsrfToken" classname="org.mranked.admin.infrastructure.CatalogHttpPostgresIntegrationTest" time="0.513">
    <system-out>16:06:56.224 [main] INFO org.springframework.security.config.annotation.authentication.configuration.InitializeUserDetailsBeanManagerConfigurer$InitializeUserDetailsManagerConfigurer -- Global AuthenticationManager configured with UserDetailsService bean with name adminUserDetailsService
16:06:56.260 [main] INFO org.springframework.mock.web.MockServletContext -- Initializing Spring TestDispatcherServlet ''
16:06:56.260 [main] INFO org.springframework.test.web.servlet.TestDispatcherServlet -- Initializing Servlet ''
16:06:56.260 [main] INFO org.springframework.test.web.servlet.TestDispatcherServlet -- Completed initialization in 0 ms
</system-out>
  </testcase>
</testsuite>