<?xml version='1.0' encoding='utf-8'?>
<testsuite xmlns:xsi="http://www.w3.org/2001/XMLSchema-instance" xsi:noNamespaceSchemaLocation="https://maven.apache.org/surefire/maven-surefire-plugin/xsd/surefire-test-report.xsd" version="3.0.2" name="org.mranked.query.web.PublicQueryControllerTest" time="0.36" tests="18" errors="0" skipped="0" failures="0" flakes="0">
  <testcase name="missingLegacyAliasIsAnRfc9457Problem" classname="org.mranked.query.web.PublicQueryControllerTest" time="0.03">
    <system-out>16:07:29.007 [main] INFO org.springframework.mock.web.MockServletContext -- Initializing Spring TestDispatcherServlet ''
16:07:29.007 [main] INFO org.springframework.test.web.servlet.TestDispatcherServlet -- Initializing Servlet ''
16:07:29.007 [main] INFO org.springframework.test.web.servlet.TestDispatcherServlet -- Completed initialization in 0 ms
</system-out>
  </testcase>
  <testcase name="accountResolvesBothLegacyNamespacesWithoutRawSnapshots" classname="org.mranked.query.web.PublicQueryControllerTest" time="0.029">
    <system-out>16:07:29.024 [main] INFO org.springframework.mock.web.MockServletContext -- Initializing Spring TestDispatcherServlet ''
16:07:29.024 [main] INFO org.springframework.test.web.servlet.TestDispatcherServlet -- Initializing Servlet ''
16:07:29.024 [main] INFO org.springframework.test.web.servlet.TestDispatcherServlet -- Completed initialization in 0 ms
</system-out>
  </testcase>
  <testcase name="ratingUsesLegacyFallbacksForInvalidControls" classname="org.mranked.query.web.PublicQueryControllerTest" time="0.024">
    <system-out>16:07:29.055 [main] INFO org.springframework.mock.web.MockServletContext -- Initializing Spring TestDispatcherServlet ''
16:07:29.055 [main] INFO org.springframework.test.web.servlet.TestDispatcherServlet -- Initializing Servlet ''
16:07:29.055 [main] INFO org.springframework.test.web.servlet.TestDispatcherServlet -- Completed initialization in 0 ms
</system-out>
  </testcase>
  <testcase name="ratingIsBoundedRevisionedAndCacheable" classname="org.mranked.query.web.PublicQueryControllerTest" time="0.02">
    <system-out>16:07:29.077 [main] INFO org.springframework.mock.web.MockServletContext -- Initializing Spring TestDispatcherServlet ''
16:07:29.077 [main] INFO org.springframework.test.web.servlet.TestDispatcherServlet -- Initializing Servlet ''
16:07:29.077 [main] INFO org.springframework.test.web.servlet.TestDispatcherServlet -- Completed initialization in 0 ms
</system-out>
  </testcase>
  <testcase name="oldValidatorCannotReturn304AfterAuthoritativeRevisionAdvances" classname="org.mranked.query.web.PublicQueryControllerTest" time="0.017">
    <system-out>16:07:29.096 [main] INFO org.springframework.mock.web.MockServletContext -- Initializing Spring TestDispatcherServlet ''
16:07:29.097 [main] INFO org.springframework.test.web.servlet.TestDispatcherServlet -- Initializing Servlet ''
16:07:29.097 [main] INFO org.springframework.test.web.servlet.TestDispatcherServlet -- Completed initialization in 0 ms
</system-out>
  </testcase>
  <testcase name="rejectsLimitOutsideTheDocumentedRange" classname="org.mranked.query.web.PublicQueryControllerTest" time="0.007">
    <system-out>16:07:29.114 [main] INFO org.springframework.mock.web.MockServletContext -- Initializing Spring TestDispatcherServlet ''
16:07:29.114 [main] INFO org.springframework.test.web.servlet.TestDispatcherServlet -- Initializing Servlet ''
16:07:29.115 [main] INFO org.springframework.test.web.servlet.TestDispatcherServlet -- Completed initialization in 0 ms
</system-out>
  </testcase>
  <testcase name="providerConfigurationChangesInvalidateCachedBodyEtagAndNextRepresentation" classname="org.mranked.query.web.PublicQueryControllerTest" time="0.023">
    <system-out>16:07:29.122 [main] INFO org.springframework.mock.web.MockServletContext -- Initializing Spring TestDispatcherServlet ''
16:07:29.122 [main] INFO org.springframework.test.web.servlet.TestDispatcherServlet -- Initializing Servlet ''
16:07:29.122 [main] INFO org.springframework.test.web.servlet.TestDispatcherServlet -- Completed initialization in 0 ms
16:07:29.126 [main] INFO org.springframework.mock.web.MockServletContext -- Initializing Spring TestDispatcherServlet ''
16:07:29.126 [main] INFO org.springframework.test.web.servlet.TestDispatcherServlet -- Initializing Servlet ''
16:07:29.126 [main] INFO org.springframework.test.web.servlet.TestDispatcherServlet -- Completed initialization in 0 ms
16:07:29.129 [main] INFO org.springframework.mock.web.MockServletContext -- Initializing Spring TestDispatcherServlet ''
16:07:29.129 [main] INFO org.springframework.test.web.servlet.TestDispatcherServlet -- Initializing Servlet ''
16:07:29.129 [main] INFO org.springframework.test.web.servlet.TestDispatcherServlet -- Completed initialization in 0 ms
</system-out>
  </testcase>
  <testcase name="comparisonIgnoresTheSelectionNamespaceThatDoesNotMatchThePlatform" classname="org.mranked.query.web.PublicQueryControllerTest" time="0.015">
    <system-out>16:07:29.146 [main] INFO org.springframework.mock.web.MockServletContext -- Initializing Spring TestDispatcherServlet ''
16:07:29.146 [main] INFO org.springframework.test.web.servlet.TestDispatcherServlet -- Initializing Servlet ''
16:07:29.146 [main] INFO org.springframework.test.web.servlet.TestDispatcherServlet -- Completed initialization in 0 ms
</system-out>
  </testcase>
  <testcase name="comparisonDeduplicatesRelevantIdsAndPreservesFirstSelectionOrder" classname="org.mranked.query.web.PublicQueryControllerTest" time="0.007">
    <system-out>16:07:29.162 [main] INFO org.springframework.mock.web.MockServletContext -- Initializing Spring TestDispatcherServlet ''
16:07:29.162 [main] INFO org.springframework.test.web.servlet.TestDispatcherServlet -- Initializing Servlet ''
16:07:29.162 [main] INFO org.springframework.test.web.servlet.TestDispatcherServlet -- Completed initialization in 0 ms
</system-out>
  </testcase>
  <testcase name="comparisonPreservesInstitutionOrderForNonTelegramPlatforms" classname="org.mranked.query.web.PublicQueryControllerTest" time="0.011">
    <system-out>16:07:29.173 [main] INFO org.springframework.mock.web.MockServletContext -- Initializing Spring TestDispatcherServlet ''
16:07:29.173 [main] INFO org.springframework.test.web.servlet.TestDispatcherServlet -- Initializing Servlet ''
16:07:29.173 [main] INFO org.springframework.test.web.servlet.TestDispatcherServlet -- Completed initialization in 0 ms
</system-out>
  </testcase>
  <testcase name="comparisonRejectsMalformedAndExcessRelevantSelectionsAsRfc9457" classname="org.mranked.query.web.PublicQueryControllerTest" time="0.022">
    <system-out>16:07:29.185 [main] INFO org.springframework.mock.web.MockServletContext -- Initializing Spring TestDispatcherServlet ''
16:07:29.185 [main] INFO org.springframework.test.web.servlet.TestDispatcherServlet -- Initializing Servlet ''
16:07:29.185 [main] INFO org.springframework.test.web.servlet.TestDispatcherServlet -- Completed initialization in 0 ms
</system-out>
  </testcase>
  <testcase name="malformedCursorIsAnRfc9457Problem" classname="org.mranked.query.web.PublicQueryControllerTest" time="0.008">
    <system-out>16:07:29.204 [main] INFO org.springframework.mock.web.MockServletContext -- Initializing Spring TestDispatcherServlet ''
16:07:29.204 [main] INFO org.springframework.test.web.servlet.TestDispatcherServlet -- Initializing Servlet ''
16:07:29.204 [main] INFO org.springframework.test.web.servlet.TestDispatcherServlet -- Completed initialization in 0 ms
</system-out>
  </testcase>
  <testcase name="comparisonCacheIdentityIncludesSelectionOrderAndBoundedPageSize" classname="org.mranked.query.web.PublicQueryControllerTest" time="0.021">
    <system-out>16:07:29.214 [main] INFO org.springframework.mock.web.MockServletContext -- Initializing Spring TestDispatcherServlet ''
16:07:29.214 [main] INFO org.springframework.test.web.servlet.TestDispatcherServlet -- Initializing Servlet ''
16:07:29.214 [main] INFO org.springframework.test.web.servlet.TestDispatcherServlet -- Completed initialization in 0 ms
</system-out>
  </testcase>
  <testcase name="existingPublicationWithoutAcceptedLatestReturnsEmptyCounters" classname="org.mranked.query.web.PublicQueryControllerTest" time="0.014">
    <system-out>16:07:29.234 [main] INFO org.springframework.mock.web.MockServletContext -- Initializing Spring TestDispatcherServlet ''
16:07:29.234 [main] INFO org.springframework.test.web.servlet.TestDispatcherServlet -- Initializing Servlet ''
16:07:29.234 [main] INFO org.springframework.test.web.servlet.TestDispatcherServlet -- Completed initialization in 0 ms
</system-out>
  </testcase>
  <testcase name="unexpectedFailuresAreSanitizedRfc9457Problems" classname="org.mranked.query.web.PublicQueryControllerTest" time="0.025">
    <system-out>16:07:29.261 [main] INFO org.springframework.mock.web.MockServletContext -- Initializing Spring TestDispatcherServlet ''
16:07:29.261 [main] INFO org.springframework.test.web.servlet.TestDispatcherServlet -- Initializing Servlet ''
16:07:29.262 [main] INFO org.springframework.test.web.servlet.TestDispatcherServlet -- Completed initialization in 1 ms
16:07:29.264 [main] ERROR org.mranked.query.web.Rfc9457ExceptionHandler -- Unhandled API failure for /api/v1/overview errorType=java.lang.IllegalStateException
</system-out>
  </testcase>
  <testcase name="overviewReturnsProjectionMetadataAndHonorsConditionalGet" classname="org.mranked.query.web.PublicQueryControllerTest" time="0.031">
    <system-out>16:07:29.275 [main] INFO org.springframework.mock.web.MockServletContext -- Initializing Spring TestDispatcherServlet ''
16:07:29.275 [main] INFO org.springframework.test.web.servlet.TestDispatcherServlet -- Initializing Servlet ''
16:07:29.275 [main] INFO org.springframework.test.web.servlet.TestDispatcherServlet -- Completed initialization in 0 ms
</system-out>
  </testcase>
  <testcase name="comparisonReturnsOneBoundedFixedCohortPayload" classname="org.mranked.query.web.PublicQueryControllerTest" time="0.012">
    <system-out>16:07:29.307 [main] INFO org.springframework.mock.web.MockServletContext -- Initializing Spring TestDispatcherServlet ''
16:07:29.307 [main] INFO org.springframework.test.web.servlet.TestDispatcherServlet -- Initializing Servlet ''
16:07:29.307 [main] INFO org.springframework.test.web.servlet.TestDispatcherServlet -- Completed initialization in 0 ms
</system-out>
  </testcase>
  <testcase name="existingInstitutionWithoutPeriodMetricsReturnsAnEmptyMetricSet" classname="org.mranked.query.web.PublicQueryControllerTest" time="0.033">
    <system-out>16:07:29.333 [main] INFO org.springframework.mock.web.MockServletContext -- Initializing Spring TestDispatcherServlet ''
16:07:29.333 [main] INFO org.springframework.test.web.servlet.TestDispatcherServlet -- Initializing Servlet ''
16:07:29.333 [main] INFO org.springframework.test.web.servlet.TestDispatcherServlet -- Completed initialization in 0 ms
</system-out>
  </testcase>
</testsuite>