<?xml version='1.0' encoding='utf-8'?>
<testsuite xmlns:xsi="http://www.w3.org/2001/XMLSchema-instance" xsi:noNamespaceSchemaLocation="https://maven.apache.org/surefire/maven-surefire-plugin/xsd/surefire-test-report.xsd" version="3.0.2" name="org.mranked.operations.web.HealthControllerTest" time="0.019" tests="3" errors="0" skipped="0" failures="0" flakes="0">
  <testcase name="livenessDoesNotDependOnDatabase" classname="org.mranked.operations.web.HealthControllerTest" time="0.009">
    <system-out>16:07:03.845 [main] INFO org.springframework.mock.web.MockServletContext -- Initializing Spring TestDispatcherServlet ''
16:07:03.845 [main] INFO org.springframework.test.web.servlet.TestDispatcherServlet -- Initializing Servlet ''
16:07:03.845 [main] INFO org.springframework.test.web.servlet.TestDispatcherServlet -- Completed initialization in 0 ms
</system-out>
  </testcase>
  <testcase name="failedReadinessIsServiceUnavailableWithoutInternalDetails" classname="org.mranked.operations.web.HealthControllerTest" time="0.006">
    <system-out>16:07:03.852 [main] INFO org.springframework.mock.web.MockServletContext -- Initializing Spring TestDispatcherServlet ''
16:07:03.852 [main] INFO org.springframework.test.web.servlet.TestDispatcherServlet -- Initializing Servlet ''
16:07:03.852 [main] INFO org.springframework.test.web.servlet.TestDispatcherServlet -- Completed initialization in 0 ms
</system-out>
  </testcase>
  <testcase name="readinessExposesOnlyStatusAndRevision" classname="org.mranked.operations.web.HealthControllerTest" time="0.004">
    <system-out>16:07:03.857 [main] INFO org.springframework.mock.web.MockServletContext -- Initializing Spring TestDispatcherServlet ''
16:07:03.857 [main] INFO org.springframework.test.web.servlet.TestDispatcherServlet -- Initializing Servlet ''
16:07:03.857 [main] INFO org.springframework.test.web.servlet.TestDispatcherServlet -- Completed initialization in 0 ms
</system-out>
  </testcase>
</testsuite>